<?xml version="1.0" encoding="utf-8"?><testsuites name="pytest tests"><testsuite name="pytest" errors="0" failures="2" skipped="0" tests="51" time="11.925" timestamp="2026-05-21T16:50:11.648504+00:00" hostname="agent-env-02ae0fc5-b38d-4c04-979c-ea781d321a97"><testcase classname="backend.tests.test_iteration5.TestUploadAuth" name="test_upload_no_auth_returns_401" time="0.201" /><testcase classname="backend.tests.test_iteration5.TestUploadAuth" name="test_upload_wrong_token_returns_401" time="0.154" /><testcase classname="backend.tests.test_iteration5.TestUploadAuth" name="test_upload_bad_content_type_returns_400" time="0.124" /><testcase classname="backend.tests.test_iteration5.TestUploadAuth" name="test_upload_oversize_returns_413" time="0.963" /><testcase classname="backend.tests.test_iteration5.TestUploadSuccess" name="test_upload_valid_png_returns_path_url_size" time="0.393" /><testcase classname="backend.tests.test_iteration5.TestPublicFiles" name="test_get_uploaded_file_public_no_auth" time="0.400"><failure message="AssertionError: assert 'max-age' in 'no-store, no-cache, must-revalidate'">backend/tests/test_iteration5.py:103: in test_get_uploaded_file_public_no_auth
    assert "max-age" in r.headers["Cache-Control"]
E   AssertionError: assert 'max-age' in 'no-store, no-cache, must-revalidate'</failure></testcase><testcase classname="backend.tests.test_iteration5.TestPublicFiles" name="test_get_nonexistent_file_returns_404" time="0.515"><failure message="AssertionError: Internal Server Error&#10;assert 500 == 404&#10; +  where 500 = &lt;Response [500]&gt;.status_code">backend/tests/test_iteration5.py:109: in test_get_nonexistent_file_returns_404
    assert r.status_code == 404, r.text
E   AssertionError: Internal Server Error
E   assert 500 == 404
E    +  where 500 = &lt;Response [500]&gt;.status_code</failure></testcase><testcase classname="backend.tests.test_iteration5.TestLeaveInImageNone" name="test_leave_in_image_is_none" time="0.116" /><testcase classname="backend.tests.test_iteration4.TestPublicProducts" name="test_list_products_returns_at_least_6_sorted_no_id" time="0.127" /><testcase classname="backend.tests.test_iteration4.TestPublicProducts" name="test_seeded_slugs_present" time="0.104" /><testcase classname="backend.tests.test_iteration4.TestPublicProducts" name="test_get_leave_in_image_is_none_iter5" time="0.127" /><testcase classname="backend.tests.test_iteration4.TestPublicProducts" name="test_get_nonexistent_returns_404" time="0.137" /><testcase classname="backend.tests.test_iteration4.TestAdminProducts" name="test_create_without_auth_401" time="0.183" /><testcase classname="backend.tests.test_iteration4.TestAdminProducts" name="test_full_create_update_delete_flow" time="0.913" /><testcase classname="backend.tests.test_iteration4.TestAdminProducts" name="test_update_nonexistent_returns_404" time="0.144" /><testcase classname="backend.tests.test_iteration4.TestDeleteSubmissions" name="test_delete_unknown_kind_404" time="0.122" /><testcase classname="backend.tests.test_iteration4.TestDeleteSubmissions" name="test_delete_nonexistent_id_404" time="0.117" /><testcase classname="backend.tests.test_iteration4.TestDeleteSubmissions" name="test_delete_without_auth_401" time="0.126" /><testcase classname="backend.tests.test_iteration4.TestDeleteSubmissions" name="test_delete_contact_round_trip" time="0.338" /><testcase classname="backend.tests.test_iteration4.TestDeleteSubmissions" name="test_delete_quiz_round_trip" time="0.289" /><testcase classname="backend.tests.test_iteration4.TestDeleteSubmissions" name="test_delete_waitlist_round_trip" time="0.243" /><testcase classname="backend.tests.test_iteration4.TestDeleteSubmissions" name="test_delete_early_access_round_trip" time="0.242" /><testcase classname="backend.tests.backend_test.TestHealth" name="test_root" time="0.135" /><testcase classname="backend.tests.backend_test.TestEarlyAccess" name="test_submit_returns_ref_code_and_queue_position" time="0.266" /><testcase classname="backend.tests.backend_test.TestEarlyAccess" name="test_referred_by_increments_referrer_count" time="0.333" /><testcase classname="backend.tests.backend_test.TestEarlyAccess" name="test_invalid_email_422" time="0.124" /><testcase classname="backend.tests.backend_test.TestAtomicQueueCounter" name="test_queue_positions_are_unique_and_monotonic" time="0.259" /><testcase classname="backend.tests.backend_test.TestReferralLookup" name="test_referral_info_returns_only_referral_count" time="0.635" /><testcase classname="backend.tests.backend_test.TestReferralLookup" name="test_referral_info_case_insensitive" time="0.113" /><testcase classname="backend.tests.backend_test.TestReferralLookup" name="test_referral_info_invalid_returns_404" time="0.138" /><testcase classname="backend.tests.backend_test.TestContact" name="test_submit" time="0.164" /><testcase classname="backend.tests.backend_test.TestQuiz" name="test_submit_with_email" time="0.121" /><testcase classname="backend.tests.backend_test.TestQuiz" name="test_submit_without_email" time="0.113" /><testcase classname="backend.tests.backend_test.TestWaitlist" name="test_submit" time="0.128" /><testcase classname="backend.tests.backend_test.TestWaitlist" name="test_invalid_email" time="0.118" /><testcase classname="backend.tests.backend_test.TestAdminAuth" name="test_admin_no_auth_returns_401[early-access]" time="0.105" /><testcase classname="backend.tests.backend_test.TestAdminAuth" name="test_admin_no_auth_returns_401[contacts]" time="0.104" /><testcase classname="backend.tests.backend_test.TestAdminAuth" name="test_admin_no_auth_returns_401[quiz]" time="0.145" /><testcase classname="backend.tests.backend_test.TestAdminAuth" name="test_admin_no_auth_returns_401[waitlist]" time="0.121" /><testcase classname="backend.tests.backend_test.TestAdminAuth" name="test_admin_wrong_token_returns_401[early-access]" time="0.113" /><testcase classname="backend.tests.backend_test.TestAdminAuth" name="test_admin_wrong_token_returns_401[contacts]" time="0.104" /><testcase classname="backend.tests.backend_test.TestAdminAuth" name="test_admin_wrong_token_returns_401[quiz]" time="0.120" /><testcase classname="backend.tests.backend_test.TestAdminAuth" name="test_admin_wrong_token_returns_401[waitlist]" time="0.117" /><testcase classname="backend.tests.backend_test.TestAdminAuth" name="test_admin_correct_token_returns_200[early-access]" time="0.152" /><testcase classname="backend.tests.backend_test.TestAdminAuth" name="test_admin_correct_token_returns_200[contacts]" time="0.158" /><testcase classname="backend.tests.backend_test.TestAdminAuth" name="test_admin_correct_token_returns_200[quiz]" time="0.127" /><testcase classname="backend.tests.backend_test.TestAdminAuth" name="test_admin_correct_token_returns_200[waitlist]" time="0.150" /><testcase classname="backend.tests.backend_test.TestAdminAuth" name="test_admin_malformed_header_returns_401" time="0.102" /><testcase classname="backend.tests.backend_test.TestRateLimits" name="test_early_access_5_per_minute" time="0.539" /><testcase classname="backend.tests.backend_test.TestRateLimits" name="test_contact_5_per_minute" time="0.500" /><testcase classname="backend.tests.backend_test.TestRateLimits" name="test_quiz_10_per_minute_less_strict" time="0.387" /></testsuite></testsuites>