<?xml version="1.0" encoding="utf-8"?><testsuites name="pytest tests"><testsuite name="pytest" errors="0" failures="1" skipped="0" tests="14" time="3.633" timestamp="2026-05-21T16:29:26.345453+00:00" hostname="agent-env-02ae0fc5-b38d-4c04-979c-ea781d321a97"><testcase classname="backend.tests.test_iteration4.TestPublicProducts" name="test_list_products_returns_at_least_6_sorted_no_id" time="0.178" /><testcase classname="backend.tests.test_iteration4.TestPublicProducts" name="test_seeded_slugs_present" time="0.133" /><testcase classname="backend.tests.test_iteration4.TestPublicProducts" name="test_get_leave_in_returns_image_path" time="0.217" /><testcase classname="backend.tests.test_iteration4.TestPublicProducts" name="test_get_nonexistent_returns_404" time="0.224" /><testcase classname="backend.tests.test_iteration4.TestAdminProducts" name="test_create_without_auth_401" time="0.239" /><testcase classname="backend.tests.test_iteration4.TestAdminProducts" name="test_full_create_update_delete_flow" time="0.655"><failure message="assert 404 == 200&#10; +  where 404 = &lt;Response [404]&gt;.status_code">backend/tests/test_iteration4.py:150: in test_full_create_update_delete_flow
    assert d.status_code == 200
E   assert 404 == 200
E    +  where 404 = &lt;Response [404]&gt;.status_code</failure></testcase><testcase classname="backend.tests.test_iteration4.TestAdminProducts" name="test_update_nonexistent_returns_404" time="0.138" /><testcase classname="backend.tests.test_iteration4.TestDeleteSubmissions" name="test_delete_unknown_kind_404" time="0.118" /><testcase classname="backend.tests.test_iteration4.TestDeleteSubmissions" name="test_delete_nonexistent_id_404" time="0.220" /><testcase classname="backend.tests.test_iteration4.TestDeleteSubmissions" name="test_delete_without_auth_401" time="0.135" /><testcase classname="backend.tests.test_iteration4.TestDeleteSubmissions" name="test_delete_contact_round_trip" time="0.394" /><testcase classname="backend.tests.test_iteration4.TestDeleteSubmissions" name="test_delete_quiz_round_trip" time="0.305" /><testcase classname="backend.tests.test_iteration4.TestDeleteSubmissions" name="test_delete_waitlist_round_trip" time="0.297" /><testcase classname="backend.tests.test_iteration4.TestDeleteSubmissions" name="test_delete_early_access_round_trip" time="0.272" /></testsuite></testsuites>