<?xml version="1.0" encoding="utf-8"?><testsuites name="pytest tests"><testsuite name="pytest" errors="0" failures="0" skipped="0" tests="43" time="9.228" timestamp="2026-05-21T16:31:01.622974+00:00" hostname="agent-env-02ae0fc5-b38d-4c04-979c-ea781d321a97"><testcase classname="backend.tests.test_iteration4.TestPublicProducts" name="test_list_products_returns_at_least_6_sorted_no_id" time="0.224" /><testcase classname="backend.tests.test_iteration4.TestPublicProducts" name="test_seeded_slugs_present" time="0.155" /><testcase classname="backend.tests.test_iteration4.TestPublicProducts" name="test_get_leave_in_returns_image_path" time="0.158" /><testcase classname="backend.tests.test_iteration4.TestPublicProducts" name="test_get_nonexistent_returns_404" time="0.134" /><testcase classname="backend.tests.test_iteration4.TestAdminProducts" name="test_create_without_auth_401" time="0.128" /><testcase classname="backend.tests.test_iteration4.TestAdminProducts" name="test_full_create_update_delete_flow" time="0.727" /><testcase classname="backend.tests.test_iteration4.TestAdminProducts" name="test_update_nonexistent_returns_404" time="0.163" /><testcase classname="backend.tests.test_iteration4.TestDeleteSubmissions" name="test_delete_unknown_kind_404" time="0.142" /><testcase classname="backend.tests.test_iteration4.TestDeleteSubmissions" name="test_delete_nonexistent_id_404" time="0.138" /><testcase classname="backend.tests.test_iteration4.TestDeleteSubmissions" name="test_delete_without_auth_401" time="0.127" /><testcase classname="backend.tests.test_iteration4.TestDeleteSubmissions" name="test_delete_contact_round_trip" time="0.362" /><testcase classname="backend.tests.test_iteration4.TestDeleteSubmissions" name="test_delete_quiz_round_trip" time="0.260" /><testcase classname="backend.tests.test_iteration4.TestDeleteSubmissions" name="test_delete_waitlist_round_trip" time="0.261" /><testcase classname="backend.tests.test_iteration4.TestDeleteSubmissions" name="test_delete_early_access_round_trip" time="0.273" /><testcase classname="backend.tests.backend_test.TestHealth" name="test_root" time="0.152" /><testcase classname="backend.tests.backend_test.TestEarlyAccess" name="test_submit_returns_ref_code_and_queue_position" time="0.284" /><testcase classname="backend.tests.backend_test.TestEarlyAccess" name="test_referred_by_increments_referrer_count" time="0.306" /><testcase classname="backend.tests.backend_test.TestEarlyAccess" name="test_invalid_email_422" time="0.122" /><testcase classname="backend.tests.backend_test.TestAtomicQueueCounter" name="test_queue_positions_are_unique_and_monotonic" time="0.240" /><testcase classname="backend.tests.backend_test.TestReferralLookup" name="test_referral_info_returns_only_referral_count" time="0.257" /><testcase classname="backend.tests.backend_test.TestReferralLookup" name="test_referral_info_case_insensitive" time="0.138" /><testcase classname="backend.tests.backend_test.TestReferralLookup" name="test_referral_info_invalid_returns_404" time="0.137" /><testcase classname="backend.tests.backend_test.TestContact" name="test_submit" time="0.117" /><testcase classname="backend.tests.backend_test.TestQuiz" name="test_submit_with_email" time="0.143" /><testcase classname="backend.tests.backend_test.TestQuiz" name="test_submit_without_email" time="0.117" /><testcase classname="backend.tests.backend_test.TestWaitlist" name="test_submit" time="0.125" /><testcase classname="backend.tests.backend_test.TestWaitlist" name="test_invalid_email" time="0.140" /><testcase classname="backend.tests.backend_test.TestAdminAuth" name="test_admin_no_auth_returns_401[early-access]" time="0.131" /><testcase classname="backend.tests.backend_test.TestAdminAuth" name="test_admin_no_auth_returns_401[contacts]" time="0.154" /><testcase classname="backend.tests.backend_test.TestAdminAuth" name="test_admin_no_auth_returns_401[quiz]" time="0.123" /><testcase classname="backend.tests.backend_test.TestAdminAuth" name="test_admin_no_auth_returns_401[waitlist]" time="0.128" /><testcase classname="backend.tests.backend_test.TestAdminAuth" name="test_admin_wrong_token_returns_401[early-access]" time="0.140" /><testcase classname="backend.tests.backend_test.TestAdminAuth" name="test_admin_wrong_token_returns_401[contacts]" time="0.122" /><testcase classname="backend.tests.backend_test.TestAdminAuth" name="test_admin_wrong_token_returns_401[quiz]" time="0.105" /><testcase classname="backend.tests.backend_test.TestAdminAuth" name="test_admin_wrong_token_returns_401[waitlist]" time="0.110" /><testcase classname="backend.tests.backend_test.TestAdminAuth" name="test_admin_correct_token_returns_200[early-access]" time="0.192" /><testcase classname="backend.tests.backend_test.TestAdminAuth" name="test_admin_correct_token_returns_200[contacts]" time="0.170" /><testcase classname="backend.tests.backend_test.TestAdminAuth" name="test_admin_correct_token_returns_200[quiz]" time="0.187" /><testcase classname="backend.tests.backend_test.TestAdminAuth" name="test_admin_correct_token_returns_200[waitlist]" time="0.180" /><testcase classname="backend.tests.backend_test.TestAdminAuth" name="test_admin_malformed_header_returns_401" time="0.176" /><testcase classname="backend.tests.backend_test.TestRateLimits" name="test_early_access_5_per_minute" time="0.794" /><testcase classname="backend.tests.backend_test.TestRateLimits" name="test_contact_5_per_minute" time="0.488" /><testcase classname="backend.tests.backend_test.TestRateLimits" name="test_quiz_10_per_minute_less_strict" time="0.386" /></testsuite></testsuites>