<?xml version="1.0" encoding="utf-8"?><testsuites name="pytest tests"><testsuite name="pytest" errors="0" failures="0" skipped="0" tests="9" time="1.729" timestamp="2026-05-21T14:30:36.993589+00:00" hostname="agent-env-02ae0fc5-b38d-4c04-979c-ea781d321a97"><testcase classname="backend.tests.backend_test.TestHealth" name="test_root" time="0.265" /><testcase classname="backend.tests.backend_test.TestEarlyAccess" name="test_submit_full_payload" time="0.294" /><testcase classname="backend.tests.backend_test.TestEarlyAccess" name="test_invalid_email_422" time="0.125" /><testcase classname="backend.tests.backend_test.TestContact" name="test_submit" time="0.166" /><testcase classname="backend.tests.backend_test.TestQuiz" name="test_submit_with_email" time="0.157" /><testcase classname="backend.tests.backend_test.TestQuiz" name="test_submit_without_email" time="0.102" /><testcase classname="backend.tests.backend_test.TestQuiz" name="test_admin_quiz" time="0.195" /><testcase classname="backend.tests.backend_test.TestWaitlist" name="test_submit" time="0.228" /><testcase classname="backend.tests.backend_test.TestWaitlist" name="test_invalid_email" time="0.119" /></testsuite></testsuites>