<?xml version="1.0" encoding="utf-8"?><testsuites name="pytest tests"><testsuite name="pytest" errors="0" failures="1" skipped="0" tests="29" time="5.593" timestamp="2026-05-21T15:56:35.454439+00:00" hostname="agent-env-02ae0fc5-b38d-4c04-979c-ea781d321a97"><testcase classname="backend.tests.backend_test.TestHealth" name="test_root" time="0.162" /><testcase classname="backend.tests.backend_test.TestEarlyAccess" name="test_submit_returns_ref_code_and_queue_position" time="0.258" /><testcase classname="backend.tests.backend_test.TestEarlyAccess" name="test_referred_by_increments_referrer_count" time="0.333" /><testcase classname="backend.tests.backend_test.TestEarlyAccess" name="test_invalid_email_422" time="0.118" /><testcase classname="backend.tests.backend_test.TestAtomicQueueCounter" name="test_queue_positions_are_unique_and_monotonic" time="0.210" /><testcase classname="backend.tests.backend_test.TestReferralLookup" name="test_referral_info_returns_only_referral_count" time="0.271" /><testcase classname="backend.tests.backend_test.TestReferralLookup" name="test_referral_info_case_insensitive" time="0.132" /><testcase classname="backend.tests.backend_test.TestReferralLookup" name="test_referral_info_invalid_returns_404" time="0.138" /><testcase classname="backend.tests.backend_test.TestContact" name="test_submit" time="0.127" /><testcase classname="backend.tests.backend_test.TestQuiz" name="test_submit_with_email" time="0.115" /><testcase classname="backend.tests.backend_test.TestQuiz" name="test_submit_without_email" time="0.113" /><testcase classname="backend.tests.backend_test.TestWaitlist" name="test_submit" time="0.101" /><testcase classname="backend.tests.backend_test.TestWaitlist" name="test_invalid_email" time="0.191" /><testcase classname="backend.tests.backend_test.TestAdminAuth" name="test_admin_no_auth_returns_401[early-access]" time="0.125" /><testcase classname="backend.tests.backend_test.TestAdminAuth" name="test_admin_no_auth_returns_401[contacts]" time="0.111" /><testcase classname="backend.tests.backend_test.TestAdminAuth" name="test_admin_no_auth_returns_401[quiz]" time="0.124" /><testcase classname="backend.tests.backend_test.TestAdminAuth" name="test_admin_no_auth_returns_401[waitlist]" time="0.126" /><testcase classname="backend.tests.backend_test.TestAdminAuth" name="test_admin_wrong_token_returns_401[early-access]" time="0.133" /><testcase classname="backend.tests.backend_test.TestAdminAuth" name="test_admin_wrong_token_returns_401[contacts]" time="0.124" /><testcase classname="backend.tests.backend_test.TestAdminAuth" name="test_admin_wrong_token_returns_401[quiz]" time="0.143" /><testcase classname="backend.tests.backend_test.TestAdminAuth" name="test_admin_wrong_token_returns_401[waitlist]" time="0.112" /><testcase classname="backend.tests.backend_test.TestAdminAuth" name="test_admin_correct_token_returns_200[early-access]" time="0.136" /><testcase classname="backend.tests.backend_test.TestAdminAuth" name="test_admin_correct_token_returns_200[contacts]" time="0.114" /><testcase classname="backend.tests.backend_test.TestAdminAuth" name="test_admin_correct_token_returns_200[quiz]" time="0.123" /><testcase classname="backend.tests.backend_test.TestAdminAuth" name="test_admin_correct_token_returns_200[waitlist]" time="0.127" /><testcase classname="backend.tests.backend_test.TestAdminAuth" name="test_admin_malformed_header_returns_401" time="0.112" /><testcase classname="backend.tests.backend_test.TestRateLimits" name="test_early_access_5_per_minute" time="0.534" /><testcase classname="backend.tests.backend_test.TestRateLimits" name="test_contact_5_per_minute" time="0.412"><failure message="AssertionError: Expected 429 in [200, 200, 200, 200, 200, 200, 200]&#10;assert 429 in [200, 200, 200, 200, 200, 200, ...]">backend/tests/backend_test.py:315: in test_contact_5_per_minute
    assert 429 in codes, f"Expected 429 in {codes}"
E   AssertionError: Expected 429 in [200, 200, 200, 200, 200, 200, 200]
E   assert 429 in [200, 200, 200, 200, 200, 200, ...]</failure></testcase><testcase classname="backend.tests.backend_test.TestRateLimits" name="test_quiz_10_per_minute_less_strict" time="0.632" /></testsuite></testsuites>